c:\users\nick\documents\github\game-off-2016\code resonance\map editor\log\debug\vc140.pdb
c:\users\nick\documents\github\game-off-2016\code resonance\map editor\log\debug\vc140.idb
c:\users\nick\documents\github\game-off-2016\code resonance\map editor\log\debug\getopt.obj
c:\users\nick\documents\github\game-off-2016\code resonance\map editor\log\debug\glad.obj
c:\users\nick\documents\github\game-off-2016\code resonance\map editor\log\debug\tinycthread.obj
c:\users\nick\documents\github\game-off-2016\code resonance\map editor\log\debug\application.obj
c:\users\nick\documents\github\game-off-2016\code resonance\map editor\log\debug\game.obj
c:\users\nick\documents\github\game-off-2016\code resonance\map editor\log\debug\zonemap.obj
c:\users\nick\documents\github\game-off-2016\code resonance\map editor\log\debug\font.obj
c:\users\nick\documents\github\game-off-2016\code resonance\map editor\log\debug\component.obj
c:\users\nick\documents\github\game-off-2016\code resonance\map editor\log\debug\console.obj
c:\users\nick\documents\github\game-off-2016\code resonance\map editor\log\debug\ltexture.obj
c:\users\nick\documents\github\game-off-2016\code resonance\map editor\log\debug\main.obj
c:\users\nick\documents\github\game-off-2016\code resonance\map editor\bin\debug\map editor.ilk
c:\users\nick\documents\github\game-off-2016\code resonance\map editor\bin\debug\map editor.exe
c:\users\nick\documents\github\game-off-2016\code resonance\map editor\bin\debug\map editor.pdb
c:\users\nick\documents\github\game-off-2016\code resonance\map editor\log\debug\map editor.tlog\cl.command.1.tlog
c:\users\nick\documents\github\game-off-2016\code resonance\map editor\log\debug\map editor.tlog\cl.read.1.tlog
c:\users\nick\documents\github\game-off-2016\code resonance\map editor\log\debug\map editor.tlog\cl.write.1.tlog
c:\users\nick\documents\github\game-off-2016\code resonance\map editor\log\debug\map editor.tlog\link.command.1.tlog
c:\users\nick\documents\github\game-off-2016\code resonance\map editor\log\debug\map editor.tlog\link.read.1.tlog
c:\users\nick\documents\github\game-off-2016\code resonance\map editor\log\debug\map editor.tlog\link.write.1.tlog
